# JRE version: OpenJDK Runtime Environment (11.0.2+9) (build 11.0.2+9)
# Java VM: OpenJDK 64-Bit Server VM (11.0.2+9, mixed mode, tiered, compressed oops, g1 gc, windows-amd64)
Heap:
 garbage-first heap   total 129024K, used 47513K [0x0000000082000000, 0x0000000100000000)
  region size 1024K, 45 young (46080K), 7 survivors (7168K)
 Metaspace       used 30482K, capacity 31407K, committed 31616K, reserved 1077248K
  class space    used 3496K, capacity 3853K, committed 3968K, reserved 1048576K
GC Heap History (8 events):
Event: 0.814 GC heap before
{Heap before GC invocations=0 (full 0):
 garbage-first heap   total 129024K, used 24576K [0x0000000082000000, 0x0000000100000000)
  region size 1024K, 24 young (24576K), 0 survivors (0K)
 Metaspace       used 13989K, capacity 14340K, committed 14592K, reserved 1062912K
  class space    used 1404K, capacity 1536K, committed 1536K, reserved 1048576K
}
Event: 0.820 GC heap after
{Heap after GC invocations=1 (full 0):
 garbage-first heap   total 129024K, used 7330K [0x0000000082000000, 0x0000000100000000)
  region size 1024K, 3 young (3072K), 3 survivors (3072K)
 Metaspace       used 13989K, capacity 14340K, committed 14592K, reserved 1062912K
  class space    used 1404K, capacity 1536K, committed 1536K, reserved 1048576K
}
Event: 1.132 GC heap before
{Heap before GC invocations=1 (full 0):
 garbage-first heap   total 129024K, used 63650K [0x0000000082000000, 0x0000000100000000)
  region size 1024K, 59 young (60416K), 3 survivors (3072K)
 Metaspace       used 17754K, capacity 18200K, committed 18432K, reserved 1064960K
  class space    used 1866K, capacity 2043K, committed 2048K, reserved 1048576K
}
Event: 1.135 GC heap after
{Heap after GC invocations=2 (full 0):
 garbage-first heap   total 129024K, used 8410K [0x0000000082000000, 0x0000000100000000)
  region size 1024K, 5 young (5120K), 5 survivors (5120K)
 Metaspace       used 17754K, capacity 18200K, committed 18432K, reserved 1064960K
  class space    used 1866K, capacity 2043K, committed 2048K, reserved 1048576K
}
Event: 1.324 GC heap before
{Heap before GC invocations=2 (full 0):
 garbage-first heap   total 129024K, used 21722K [0x0000000082000000, 0x0000000100000000)
  region size 1024K, 19 young (19456K), 5 survivors (5120K)
 Metaspace       used 20593K, capacity 21176K, committed 21248K, reserved 1069056K
  class space    used 2278K, capacity 2525K, committed 2560K, reserved 1048576K
}
Event: 1.331 GC heap after
{Heap after GC invocations=3 (full 0):
 garbage-first heap   total 129024K, used 9201K [0x0000000082000000, 0x0000000100000000)
  region size 1024K, 5 young (5120K), 5 survivors (5120K)
 Metaspace       used 20593K, capacity 21176K, committed 21248K, reserved 1069056K
  class space    used 2278K, capacity 2525K, committed 2560K, reserved 1048576K
}
Event: 1.778 GC heap before
{Heap before GC invocations=4 (full 0):
 garbage-first heap   total 129024K, used 75761K [0x0000000082000000, 0x0000000100000000)
  region size 1024K, 71 young (72704K), 5 survivors (5120K)
 Metaspace       used 27825K, capacity 28577K, committed 28672K, reserved 1075200K
  class space    used 3182K, capacity 3508K, committed 3584K, reserved 1048576K
}
Event: 1.783 GC heap after
{Heap after GC invocations=5 (full 0):
 garbage-first heap   total 129024K, used 10649K [0x0000000082000000, 0x0000000100000000)
  region size 1024K, 7 young (7168K), 7 survivors (7168K)
 Metaspace       used 27825K, capacity 28577K, committed 28672K, reserved 1075200K
  class space    used 3182K, capacity 3508K, committed 3584K, reserved 1048576K
}

